2020-11-25 22:26:57,868 INFO o.a.j.u.JMeterUtils: Setting Locale to en_EN
2020-11-25 22:26:57,915 INFO o.a.j.JMeter: Loading user properties from: /usr/local/Cellar/jmeter/5.3/libexec/bin/user.properties
2020-11-25 22:26:57,916 INFO o.a.j.JMeter: Loading system properties from: /usr/local/Cellar/jmeter/5.3/libexec/bin/system.properties
2020-11-25 22:26:57,918 INFO o.a.j.JMeter: Copyright (c) 1998-2020 The Apache Software Foundation
2020-11-25 22:26:57,918 INFO o.a.j.JMeter: Version 5.3
2020-11-25 22:26:57,918 INFO o.a.j.JMeter: java.version=11.0.8
2020-11-25 22:26:57,919 INFO o.a.j.JMeter: java.vm.name=Java HotSpot(TM) 64-Bit Server VM
2020-11-25 22:26:57,919 INFO o.a.j.JMeter: os.name=Mac OS X
2020-11-25 22:26:57,919 INFO o.a.j.JMeter: os.arch=x86_64
2020-11-25 22:26:57,919 INFO o.a.j.JMeter: os.version=10.15.7
2020-11-25 22:26:57,919 INFO o.a.j.JMeter: file.encoding=UTF-8
2020-11-25 22:26:57,919 INFO o.a.j.JMeter: java.awt.headless=null
2020-11-25 22:26:57,919 INFO o.a.j.JMeter: Max memory     =1073741824
2020-11-25 22:26:57,919 INFO o.a.j.JMeter: Available Processors =4
2020-11-25 22:26:57,933 INFO o.a.j.JMeter: Default Locale=English (EN)
2020-11-25 22:26:57,933 INFO o.a.j.JMeter: JMeter  Locale=English (EN)
2020-11-25 22:26:57,933 INFO o.a.j.JMeter: JMeterHome=/usr/local/Cellar/jmeter/5.3/libexec
2020-11-25 22:26:57,933 INFO o.a.j.JMeter: user.dir  =/Users/xiaojunling/IdeaProjects/changgou
2020-11-25 22:26:57,934 INFO o.a.j.JMeter: PWD       =/Users/xiaojunling/IdeaProjects/changgou
2020-11-25 22:26:57,935 INFO o.a.j.JMeter: IP: 127.0.0.1 Name: xjlonlyMacPro.local FullName: localhost
2020-11-25 22:26:58,987 INFO o.a.j.JMeter: Setting LAF to: com.github.weisj.darklaf.DarkLaf:com.github.weisj.darklaf.theme.DarculaTheme
2020-11-25 22:27:01,672 INFO o.a.j.JMeter: Loaded icon properties from org/apache/jmeter/images/icon.properties
2020-11-25 22:27:03,254 INFO o.j.r.JARSourceHTTP: Requesting https://jmeter-plugins.org/repo/?installID=mac_os_x-0f6dde0515f29d1ec7b5760264a73c2d-gui
2020-11-25 22:27:09,109 INFO o.j.r.PluginManager: Plugins Status: [jpgc-plugins-manager=1.3, jmeter-core=5.3, jmeter-ftp=5.3, jmeter-http=5.3, jmeter-jdbc=5.3, jmeter-jms=5.3, jmeter-junit=5.3, jmeter-java=5.3, jmeter-ldap=5.3, jmeter-mail=5.3, jmeter-mongodb=5.3, jmeter-native=5.3, jmeter-tcp=5.3, jmeter-components=5.3]
2020-11-25 22:27:09,110 INFO o.j.r.PluginManagerMenuItem: Plugins Manager has upgrades: [jpgc-plugins-manager]
2020-11-25 22:27:13,888 WARN o.j.r.h.StatsReporter: Failed to send repo stats
java.net.SocketTimeoutException: Read timed out
	at java.net.SocketInputStream.socketRead0(Native Method) ~[?:?]
	at java.net.SocketInputStream.socketRead(SocketInputStream.java:115) ~[?:?]
	at java.net.SocketInputStream.read(SocketInputStream.java:168) ~[?:?]
	at java.net.SocketInputStream.read(SocketInputStream.java:140) ~[?:?]
	at sun.security.ssl.SSLSocketInputRecord.read(SSLSocketInputRecord.java:467) ~[?:?]
	at sun.security.ssl.SSLSocketInputRecord.readHeader(SSLSocketInputRecord.java:461) ~[?:?]
	at sun.security.ssl.SSLSocketInputRecord.decode(SSLSocketInputRecord.java:160) ~[?:?]
	at sun.security.ssl.SSLTransport.decode(SSLTransport.java:110) ~[?:?]
	at sun.security.ssl.SSLSocketImpl.decode(SSLSocketImpl.java:1196) ~[?:?]
	at sun.security.ssl.SSLSocketImpl.readHandshakeRecord(SSLSocketImpl.java:1105) ~[?:?]
	at sun.security.ssl.SSLSocketImpl.startHandshake(SSLSocketImpl.java:399) ~[?:?]
	at sun.security.ssl.SSLSocketImpl.startHandshake(SSLSocketImpl.java:371) ~[?:?]
	at org.apache.http.conn.ssl.SSLSocketFactory.createLayeredSocket(SSLSocketFactory.java:570) ~[httpclient-4.5.12.jar:4.5.12]
	at org.apache.http.conn.ssl.SSLSocketFactory.connectSocket(SSLSocketFactory.java:554) ~[httpclient-4.5.12.jar:4.5.12]
	at org.apache.http.conn.ssl.SSLSocketFactory.connectSocket(SSLSocketFactory.java:415) ~[httpclient-4.5.12.jar:4.5.12]
	at org.apache.http.impl.conn.DefaultClientConnectionOperator.openConnection(DefaultClientConnectionOperator.java:180) ~[httpclient-4.5.12.jar:4.5.12]
	at org.apache.http.impl.conn.ManagedClientConnectionImpl.open(ManagedClientConnectionImpl.java:326) ~[httpclient-4.5.12.jar:4.5.12]
	at org.apache.http.impl.client.DefaultRequestDirector.tryConnect(DefaultRequestDirector.java:605) ~[httpclient-4.5.12.jar:4.5.12]
	at org.apache.http.impl.client.DefaultRequestDirector.execute(DefaultRequestDirector.java:440) ~[httpclient-4.5.12.jar:4.5.12]
	at org.apache.http.impl.client.AbstractHttpClient.doExecute(AbstractHttpClient.java:835) ~[httpclient-4.5.12.jar:4.5.12]
	at org.apache.http.impl.client.CloseableHttpClient.execute(CloseableHttpClient.java:83) ~[httpclient-4.5.12.jar:4.5.12]
	at org.apache.http.impl.client.CloseableHttpClient.execute(CloseableHttpClient.java:56) ~[httpclient-4.5.12.jar:4.5.12]
	at org.jmeterplugins.repository.JARSourceHTTP.execute(JARSourceHTTP.java:499) ~[jmeter-plugins-manager-1.3.jar:?]
	at org.jmeterplugins.repository.JARSourceHTTP.execute(JARSourceHTTP.java:494) ~[jmeter-plugins-manager-1.3.jar:?]
	at org.jmeterplugins.repository.JARSourceHTTP.reportStats(JARSourceHTTP.java:451) ~[jmeter-plugins-manager-1.3.jar:?]
	at org.jmeterplugins.repository.http.StatsReporter.run(StatsReporter.java:24) [jmeter-plugins-manager-1.3.jar:?]
2020-11-25 22:27:29,827 INFO o.a.j.p.h.s.HTTPSamplerBase: Parser for text/html is org.apache.jmeter.protocol.http.parser.LagartoBasedHtmlParser
2020-11-25 22:27:29,828 INFO o.a.j.p.h.s.HTTPSamplerBase: Parser for application/xhtml+xml is org.apache.jmeter.protocol.http.parser.LagartoBasedHtmlParser
2020-11-25 22:27:29,828 INFO o.a.j.p.h.s.HTTPSamplerBase: Parser for application/xml is org.apache.jmeter.protocol.http.parser.LagartoBasedHtmlParser
2020-11-25 22:27:29,828 INFO o.a.j.p.h.s.HTTPSamplerBase: Parser for text/xml is org.apache.jmeter.protocol.http.parser.LagartoBasedHtmlParser
2020-11-25 22:27:29,828 INFO o.a.j.p.h.s.HTTPSamplerBase: Parser for text/vnd.wap.wml is org.apache.jmeter.protocol.http.parser.RegexpHTMLParser
2020-11-25 22:27:29,828 INFO o.a.j.p.h.s.HTTPSamplerBase: Parser for text/css is org.apache.jmeter.protocol.http.parser.CssParser
2020-11-25 22:28:18,076 INFO o.a.j.e.StandardJMeterEngine: Running the test!
2020-11-25 22:28:18,084 INFO o.a.j.s.SampleEvent: List of sample_variables: []
2020-11-25 22:28:18,085 INFO o.a.j.s.SampleEvent: List of sample_variables: []
2020-11-25 22:28:18,090 INFO o.a.j.e.u.CompoundVariable: Note: Function class names must contain the string: '.functions.'
2020-11-25 22:28:18,090 INFO o.a.j.e.u.CompoundVariable: Note: Function class names must not contain the string: '.gui.'
2020-11-25 22:28:18,484 INFO o.a.j.g.u.JMeterMenuBar: setRunning(true, *local*)
2020-11-25 22:28:18,548 INFO o.a.j.e.StandardJMeterEngine: Starting ThreadGroup: 1 : Thread Group
2020-11-25 22:28:18,548 INFO o.a.j.e.StandardJMeterEngine: Starting 5 threads for group Thread Group.
2020-11-25 22:28:18,549 INFO o.a.j.e.StandardJMeterEngine: Thread will continue on error
2020-11-25 22:28:18,549 INFO o.a.j.t.ThreadGroup: Starting thread group... number=1 threads=5 ramp-up=1 delayedStart=false
2020-11-25 22:28:18,559 INFO o.a.j.t.JMeterThread: Thread started: Thread Group 1-1
2020-11-25 22:28:18,578 INFO o.a.j.t.ThreadGroup: Started thread group number 1
2020-11-25 22:28:18,579 INFO o.a.j.e.StandardJMeterEngine: All thread groups have been started
2020-11-25 22:28:18,586 INFO o.a.j.p.h.s.HTTPHCAbstractImpl: Local host = xjlonlyMacPro.local
2020-11-25 22:28:18,596 INFO o.a.j.p.h.s.HTTPHC4Impl: HTTP request retry count = 0
2020-11-25 22:28:18,599 INFO o.a.j.s.SampleResult: Note: Sample TimeStamps are START times
2020-11-25 22:28:18,599 INFO o.a.j.s.SampleResult: sampleresult.default.encoding is set to ISO-8859-1
2020-11-25 22:28:18,599 INFO o.a.j.s.SampleResult: sampleresult.useNanoTime=true
2020-11-25 22:28:18,599 INFO o.a.j.s.SampleResult: sampleresult.nanoThreadSleep=5000
2020-11-25 22:28:18,766 INFO o.a.j.t.JMeterThread: Thread started: Thread Group 1-2
2020-11-25 22:28:18,856 INFO o.a.j.t.JMeterThread: Thread is done: Thread Group 1-2
2020-11-25 22:28:18,857 INFO o.a.j.t.JMeterThread: Thread finished: Thread Group 1-2
2020-11-25 22:28:18,924 INFO o.a.j.t.JMeterThread: Thread is done: Thread Group 1-1
2020-11-25 22:28:18,924 INFO o.a.j.t.JMeterThread: Thread finished: Thread Group 1-1
2020-11-25 22:28:18,956 INFO o.a.j.t.JMeterThread: Thread started: Thread Group 1-3
2020-11-25 22:28:19,105 INFO o.a.j.t.JMeterThread: Thread is done: Thread Group 1-3
2020-11-25 22:28:19,105 INFO o.a.j.t.JMeterThread: Thread finished: Thread Group 1-3
2020-11-25 22:28:19,152 INFO o.a.j.t.JMeterThread: Thread started: Thread Group 1-4
2020-11-25 22:28:19,173 INFO o.a.j.t.JMeterThread: Thread is done: Thread Group 1-4
2020-11-25 22:28:19,173 INFO o.a.j.t.JMeterThread: Thread finished: Thread Group 1-4
2020-11-25 22:28:19,352 INFO o.a.j.t.JMeterThread: Thread started: Thread Group 1-5
2020-11-25 22:28:19,369 INFO o.a.j.t.JMeterThread: Thread is done: Thread Group 1-5
2020-11-25 22:28:19,370 INFO o.a.j.t.JMeterThread: Thread finished: Thread Group 1-5
2020-11-25 22:28:19,370 INFO o.a.j.e.StandardJMeterEngine: Notifying test listeners of end of test
2020-11-25 22:28:19,381 INFO o.a.j.s.FileServer: Default base='/Users/xiaojunling/IdeaProjects/changgou'
2020-11-25 22:28:19,382 INFO o.a.j.g.u.JMeterMenuBar: setRunning(false, *local*)
2020-11-25 22:29:06,596 INFO o.a.j.e.StandardJMeterEngine: Running the test!
2020-11-25 22:29:06,605 INFO o.a.j.s.SampleEvent: List of sample_variables: []
2020-11-25 22:29:06,607 INFO o.a.j.g.u.JMeterMenuBar: setRunning(true, *local*)
2020-11-25 22:29:06,674 INFO o.a.j.e.StandardJMeterEngine: Starting ThreadGroup: 1 : Thread Group
2020-11-25 22:29:06,675 INFO o.a.j.e.StandardJMeterEngine: Starting 5 threads for group Thread Group.
2020-11-25 22:29:06,675 INFO o.a.j.e.StandardJMeterEngine: Thread will continue on error
2020-11-25 22:29:06,675 INFO o.a.j.t.ThreadGroup: Starting thread group... number=1 threads=5 ramp-up=1 delayedStart=false
2020-11-25 22:29:06,677 INFO o.a.j.t.JMeterThread: Thread started: Thread Group 1-1
2020-11-25 22:29:06,679 INFO o.a.j.t.ThreadGroup: Started thread group number 1
2020-11-25 22:29:06,680 INFO o.a.j.e.StandardJMeterEngine: All thread groups have been started
2020-11-25 22:29:06,844 INFO o.a.j.t.JMeterThread: Thread is done: Thread Group 1-1
2020-11-25 22:29:06,844 INFO o.a.j.t.JMeterThread: Thread finished: Thread Group 1-1
2020-11-25 22:29:06,880 INFO o.a.j.t.JMeterThread: Thread started: Thread Group 1-2
2020-11-25 22:29:06,902 INFO o.a.j.t.JMeterThread: Thread is done: Thread Group 1-2
2020-11-25 22:29:06,903 INFO o.a.j.t.JMeterThread: Thread finished: Thread Group 1-2
2020-11-25 22:29:07,081 INFO o.a.j.t.JMeterThread: Thread started: Thread Group 1-3
2020-11-25 22:29:07,180 INFO o.a.j.t.JMeterThread: Thread is done: Thread Group 1-3
2020-11-25 22:29:07,180 INFO o.a.j.t.JMeterThread: Thread finished: Thread Group 1-3
2020-11-25 22:29:07,279 INFO o.a.j.t.JMeterThread: Thread started: Thread Group 1-4
2020-11-25 22:29:07,300 INFO o.a.j.t.JMeterThread: Thread is done: Thread Group 1-4
2020-11-25 22:29:07,301 INFO o.a.j.t.JMeterThread: Thread finished: Thread Group 1-4
2020-11-25 22:29:07,479 INFO o.a.j.t.JMeterThread: Thread started: Thread Group 1-5
2020-11-25 22:29:07,497 INFO o.a.j.t.JMeterThread: Thread is done: Thread Group 1-5
2020-11-25 22:29:07,497 INFO o.a.j.t.JMeterThread: Thread finished: Thread Group 1-5
2020-11-25 22:29:07,497 INFO o.a.j.e.StandardJMeterEngine: Notifying test listeners of end of test
2020-11-25 22:29:07,498 INFO o.a.j.g.u.JMeterMenuBar: setRunning(false, *local*)
2020-11-25 22:29:46,834 INFO o.a.j.e.StandardJMeterEngine: Running the test!
2020-11-25 22:29:46,845 INFO o.a.j.s.SampleEvent: List of sample_variables: []
2020-11-25 22:29:46,847 INFO o.a.j.g.u.JMeterMenuBar: setRunning(true, *local*)
2020-11-25 22:29:46,914 INFO o.a.j.e.StandardJMeterEngine: Starting ThreadGroup: 1 : Thread Group
2020-11-25 22:29:46,914 INFO o.a.j.e.StandardJMeterEngine: Starting 5 threads for group Thread Group.
2020-11-25 22:29:46,914 INFO o.a.j.e.StandardJMeterEngine: Thread will continue on error
2020-11-25 22:29:46,914 INFO o.a.j.t.ThreadGroup: Starting thread group... number=1 threads=5 ramp-up=1 delayedStart=false
2020-11-25 22:29:46,917 INFO o.a.j.t.JMeterThread: Thread started: Thread Group 1-1
2020-11-25 22:29:46,919 INFO o.a.j.t.ThreadGroup: Started thread group number 1
2020-11-25 22:29:46,920 INFO o.a.j.e.StandardJMeterEngine: All thread groups have been started
2020-11-25 22:29:47,081 INFO o.a.j.t.JMeterThread: Thread is done: Thread Group 1-1
2020-11-25 22:29:47,082 INFO o.a.j.t.JMeterThread: Thread finished: Thread Group 1-1
2020-11-25 22:29:47,120 INFO o.a.j.t.JMeterThread: Thread started: Thread Group 1-2
2020-11-25 22:29:47,195 INFO o.a.j.t.JMeterThread: Thread is done: Thread Group 1-2
2020-11-25 22:29:47,195 INFO o.a.j.t.JMeterThread: Thread finished: Thread Group 1-2
2020-11-25 22:29:47,319 INFO o.a.j.t.JMeterThread: Thread started: Thread Group 1-3
2020-11-25 22:29:47,338 INFO o.a.j.t.JMeterThread: Thread is done: Thread Group 1-3
2020-11-25 22:29:47,338 INFO o.a.j.t.JMeterThread: Thread finished: Thread Group 1-3
2020-11-25 22:29:47,523 INFO o.a.j.t.JMeterThread: Thread started: Thread Group 1-4
2020-11-25 22:29:47,539 INFO o.a.j.t.JMeterThread: Thread is done: Thread Group 1-4
2020-11-25 22:29:47,540 INFO o.a.j.t.JMeterThread: Thread finished: Thread Group 1-4
2020-11-25 22:29:47,718 INFO o.a.j.t.JMeterThread: Thread started: Thread Group 1-5
2020-11-25 22:29:47,738 INFO o.a.j.t.JMeterThread: Thread is done: Thread Group 1-5
2020-11-25 22:29:47,738 INFO o.a.j.t.JMeterThread: Thread finished: Thread Group 1-5
2020-11-25 22:29:47,738 INFO o.a.j.e.StandardJMeterEngine: Notifying test listeners of end of test
2020-11-25 22:29:47,739 INFO o.a.j.g.u.JMeterMenuBar: setRunning(false, *local*)
